<?xml version="1.0" encoding="UTF-8"?>
<!-- Generated by org.testng.reporters.JUnitReportReporter -->
<testsuite hostname="DESKTOP-GE7U6Q4" failures="0" tests="1" name="cucumberOptions.TestNGTestRunner" time="13.396" errors="0" timestamp="2022-08-15T20:28:01 IST" skipped="0">
  <testcase classname="cucumberOptions.TestNGTestRunner" name="runScenario" time="13.396"/>
  <system-out/>
</testsuite> <!-- cucumberOptions.TestNGTestRunner -->
